# JRE version: OpenJDK Runtime Environment Temurin-17.0.18+8 (17.0.18+8) (build 17.0.18+8)
# Java VM: OpenJDK 64-Bit Server VM Temurin-17.0.18+8 (17.0.18+8, mixed mode, sharing, tiered, compressed oops, compressed class ptrs, g1 gc, windows-amd64)
GC Precious Log:
 CPUs: 4 total, 4 available
 Memory: 8058M
 Large Page Support: Disabled
 NUMA Support: Disabled
 Compressed Oops: Enabled (32-bit)
 Heap Region Size: 1M
 Heap Min Capacity: 8M
 Heap Initial Capacity: 126M
 Heap Max Capacity: 2G
 Pre-touch: Disabled
 Parallel Workers: 4
 Concurrent Workers: 1
 Concurrent Refinement Workers: 4
 Periodic GC: Disabled
Heap:
 garbage-first heap   total 111616K, used 69386K [0x0000000080000000, 0x0000000100000000)
  region size 1024K, 8 young (8192K), 1 survivors (1024K)
 Metaspace       used 61594K, committed 62272K, reserved 491520K
  class space    used 8737K, committed 9088K, reserved 425984K
GC Heap History (20 events):
Event: 13.137 GC heap before
{Heap before GC invocations=10 (full 0):
 garbage-first heap   total 86016K, used 64004K [0x0000000080000000, 0x0000000100000000)
  region size 1024K, 34 young (34816K), 4 survivors (4096K)
 Metaspace       used 36678K, committed 37120K, reserved 491520K
  class space    used 5128K, committed 5312K, reserved 425984K
}
Event: 13.144 GC heap after
{Heap after GC invocations=11 (full 0):
 garbage-first heap   total 86016K, used 33742K [0x0000000080000000, 0x0000000100000000)
  region size 1024K, 1 young (1024K), 1 survivors (1024K)
 Metaspace       used 36678K, committed 37120K, reserved 491520K
  class space    used 5128K, committed 5312K, reserved 425984K
}
Event: 14.522 GC heap before
{Heap before GC invocations=11 (full 0):
 garbage-first heap   total 86016K, used 66510K [0x0000000080000000, 0x0000000100000000)
  region size 1024K, 33 young (33792K), 1 survivors (1024K)
 Metaspace       used 39744K, committed 40256K, reserved 491520K
  class space    used 5607K, committed 5888K, reserved 425984K
}
Event: 14.529 GC heap after
{Heap after GC invocations=12 (full 0):
 garbage-first heap   total 103424K, used 35486K [0x0000000080000000, 0x0000000100000000)
  region size 1024K, 3 young (3072K), 3 survivors (3072K)
 Metaspace       used 39744K, committed 40256K, reserved 491520K
  class space    used 5607K, committed 5888K, reserved 425984K
}
Event: 16.550 GC heap before
{Heap before GC invocations=12 (full 0):
 garbage-first heap   total 103424K, used 82590K [0x0000000080000000, 0x0000000100000000)
  region size 1024K, 47 young (48128K), 3 survivors (3072K)
 Metaspace       used 44610K, committed 45184K, reserved 491520K
  class space    used 6261K, committed 6528K, reserved 425984K
}
Event: 16.561 GC heap after
{Heap after GC invocations=13 (full 0):
 garbage-first heap   total 103424K, used 38060K [0x0000000080000000, 0x0000000100000000)
  region size 1024K, 5 young (5120K), 5 survivors (5120K)
 Metaspace       used 44610K, committed 45184K, reserved 491520K
  class space    used 6261K, committed 6528K, reserved 425984K
}
Event: 19.322 GC heap before
{Heap before GC invocations=13 (full 0):
 garbage-first heap   total 103424K, used 82092K [0x0000000080000000, 0x0000000100000000)
  region size 1024K, 48 young (49152K), 5 survivors (5120K)
 Metaspace       used 49764K, committed 50304K, reserved 491520K
  class space    used 6993K, committed 7232K, reserved 425984K
}
Event: 19.337 GC heap after
{Heap after GC invocations=14 (full 0):
 garbage-first heap   total 103424K, used 40297K [0x0000000080000000, 0x0000000100000000)
  region size 1024K, 5 young (5120K), 5 survivors (5120K)
 Metaspace       used 49764K, committed 50304K, reserved 491520K
  class space    used 6993K, committed 7232K, reserved 425984K
}
Event: 21.682 GC heap before
{Heap before GC invocations=14 (full 0):
 garbage-first heap   total 103424K, used 82281K [0x0000000080000000, 0x0000000100000000)
  region size 1024K, 46 young (47104K), 5 survivors (5120K)
 Metaspace       used 52564K, committed 53184K, reserved 491520K
  class space    used 7393K, committed 7680K, reserved 425984K
}
Event: 21.696 GC heap after
{Heap after GC invocations=15 (full 0):
 garbage-first heap   total 103424K, used 44081K [0x0000000080000000, 0x0000000100000000)
  region size 1024K, 6 young (6144K), 6 survivors (6144K)
 Metaspace       used 52564K, committed 53184K, reserved 491520K
  class space    used 7393K, committed 7680K, reserved 425984K
}
Event: 23.782 GC heap before
{Heap before GC invocations=15 (full 0):
 garbage-first heap   total 103424K, used 80945K [0x0000000080000000, 0x0000000100000000)
  region size 1024K, 42 young (43008K), 6 survivors (6144K)
 Metaspace       used 55184K, committed 55808K, reserved 491520K
  class space    used 7822K, committed 8128K, reserved 425984K
}
Event: 23.799 GC heap after
{Heap after GC invocations=16 (full 0):
 garbage-first heap   total 103424K, used 45969K [0x0000000080000000, 0x0000000100000000)
  region size 1024K, 4 young (4096K), 4 survivors (4096K)
 Metaspace       used 55184K, committed 55808K, reserved 491520K
  class space    used 7822K, committed 8128K, reserved 425984K
}
Event: 24.997 GC heap before
{Heap before GC invocations=16 (full 0):
 garbage-first heap   total 103424K, used 76689K [0x0000000080000000, 0x0000000100000000)
  region size 1024K, 31 young (31744K), 4 survivors (4096K)
 Metaspace       used 57737K, committed 58432K, reserved 491520K
  class space    used 8213K, committed 8576K, reserved 425984K
}
Event: 25.008 GC heap after
{Heap after GC invocations=17 (full 0):
 garbage-first heap   total 103424K, used 51817K [0x0000000080000000, 0x0000000100000000)
  region size 1024K, 2 young (2048K), 2 survivors (2048K)
 Metaspace       used 57737K, committed 58432K, reserved 491520K
  class space    used 8213K, committed 8576K, reserved 425984K
}
Event: 27.634 GC heap before
{Heap before GC invocations=18 (full 0):
 garbage-first heap   total 103424K, used 90729K [0x0000000080000000, 0x0000000100000000)
  region size 1024K, 32 young (32768K), 2 survivors (2048K)
 Metaspace       used 59922K, committed 60608K, reserved 491520K
  class space    used 8491K, committed 8832K, reserved 425984K
}
Event: 27.642 GC heap after
{Heap after GC invocations=19 (full 0):
 garbage-first heap   total 103424K, used 62954K [0x0000000080000000, 0x0000000100000000)
  region size 1024K, 4 young (4096K), 4 survivors (4096K)
 Metaspace       used 59922K, committed 60608K, reserved 491520K
  class space    used 8491K, committed 8832K, reserved 425984K
}
Event: 27.685 GC heap before
{Heap before GC invocations=19 (full 0):
 garbage-first heap   total 103424K, used 63978K [0x0000000080000000, 0x0000000100000000)
  region size 1024K, 5 young (5120K), 4 survivors (4096K)
 Metaspace       used 59986K, committed 60672K, reserved 491520K
  class space    used 8498K, committed 8832K, reserved 425984K
}
Event: 27.692 GC heap after
{Heap after GC invocations=20 (full 0):
 garbage-first heap   total 103424K, used 62883K [0x0000000080000000, 0x0000000100000000)
  region size 1024K, 1 young (1024K), 1 survivors (1024K)
 Metaspace       used 59986K, committed 60672K, reserved 491520K
  class space    used 8498K, committed 8832K, reserved 425984K
}
Event: 28.868 GC heap before
{Heap before GC invocations=20 (full 0):
 garbage-first heap   total 103424K, used 83363K [0x0000000080000000, 0x0000000100000000)
  region size 1024K, 22 young (22528K), 1 survivors (1024K)
 Metaspace       used 61224K, committed 61888K, reserved 491520K
  class space    used 8678K, committed 9024K, reserved 425984K
}
Event: 28.871 GC heap after
{Heap after GC invocations=21 (full 0):
 garbage-first heap   total 103424K, used 63242K [0x0000000080000000, 0x0000000100000000)
  region size 1024K, 1 young (1024K), 1 survivors (1024K)
 Metaspace       used 61224K, committed 61888K, reserved 491520K
  class space    used 8678K, committed 9024K, reserved 425984K
}

