# JRE version: OpenJDK Runtime Environment Temurin-17.0.18+8 (17.0.18+8) (build 17.0.18+8)
# Java VM: OpenJDK 64-Bit Server VM Temurin-17.0.18+8 (17.0.18+8, mixed mode, sharing, tiered, compressed oops, compressed class ptrs, g1 gc, windows-amd64)
GC Precious Log:
 CPUs: 4 total, 4 available
 Memory: 8058M
 Large Page Support: Disabled
 NUMA Support: Disabled
 Compressed Oops: Enabled (32-bit)
 Heap Region Size: 1M
 Heap Min Capacity: 8M
 Heap Initial Capacity: 126M
 Heap Max Capacity: 2G
 Pre-touch: Disabled
 Parallel Workers: 4
 Concurrent Workers: 1
 Concurrent Refinement Workers: 4
 Periodic GC: Disabled
Heap:
 garbage-first heap   total 208896K, used 137731K [0x0000000080000000, 0x0000000100000000)
  region size 1024K, 25 young (25600K), 4 survivors (4096K)
 Metaspace       used 94507K, committed 95488K, reserved 557056K
  class space    used 13268K, committed 13760K, reserved 425984K
GC Heap History (20 events):
Event: 35.285 GC heap before
{Heap before GC invocations=28 (full 0):
 garbage-first heap   total 208896K, used 144766K [0x0000000080000000, 0x0000000100000000)
  region size 1024K, 77 young (78848K), 2 survivors (2048K)
 Metaspace       used 69398K, committed 70144K, reserved 491520K
  class space    used 9892K, committed 10240K, reserved 425984K
}
Event: 35.298 GC heap after
{Heap after GC invocations=29 (full 0):
 garbage-first heap   total 208896K, used 74776K [0x0000000080000000, 0x0000000100000000)
  region size 1024K, 7 young (7168K), 7 survivors (7168K)
 Metaspace       used 69398K, committed 70144K, reserved 491520K
  class space    used 9892K, committed 10240K, reserved 425984K
}
Event: 37.745 GC heap before
{Heap before GC invocations=29 (full 0):
 garbage-first heap   total 208896K, used 149528K [0x0000000080000000, 0x0000000100000000)
  region size 1024K, 81 young (82944K), 7 survivors (7168K)
 Metaspace       used 71323K, committed 72128K, reserved 491520K
  class space    used 10088K, committed 10432K, reserved 425984K
}
Event: 37.771 GC heap after
{Heap after GC invocations=30 (full 0):
 garbage-first heap   total 208896K, used 82081K [0x0000000080000000, 0x0000000100000000)
  region size 1024K, 9 young (9216K), 9 survivors (9216K)
 Metaspace       used 71323K, committed 72128K, reserved 491520K
  class space    used 10088K, committed 10432K, reserved 425984K
}
Event: 38.979 GC heap before
{Heap before GC invocations=30 (full 0):
 garbage-first heap   total 208896K, used 152737K [0x0000000080000000, 0x0000000100000000)
  region size 1024K, 79 young (80896K), 9 survivors (9216K)
 Metaspace       used 71391K, committed 72192K, reserved 491520K
  class space    used 10088K, committed 10432K, reserved 425984K
}
Event: 38.992 GC heap after
{Heap after GC invocations=31 (full 0):
 garbage-first heap   total 208896K, used 84187K [0x0000000080000000, 0x0000000100000000)
  region size 1024K, 5 young (5120K), 5 survivors (5120K)
 Metaspace       used 71391K, committed 72192K, reserved 491520K
  class space    used 10088K, committed 10432K, reserved 425984K
}
Event: 40.927 GC heap before
{Heap before GC invocations=31 (full 0):
 garbage-first heap   total 208896K, used 164059K [0x0000000080000000, 0x0000000100000000)
  region size 1024K, 77 young (78848K), 5 survivors (5120K)
 Metaspace       used 72257K, committed 73024K, reserved 491520K
  class space    used 10201K, committed 10560K, reserved 425984K
}
Event: 40.939 GC heap after
{Heap after GC invocations=32 (full 0):
 garbage-first heap   total 208896K, used 95087K [0x0000000080000000, 0x0000000100000000)
  region size 1024K, 10 young (10240K), 10 survivors (10240K)
 Metaspace       used 72257K, committed 73024K, reserved 491520K
  class space    used 10201K, committed 10560K, reserved 425984K
}
Event: 43.304 GC heap before
{Heap before GC invocations=32 (full 0):
 garbage-first heap   total 208896K, used 165743K [0x0000000080000000, 0x0000000100000000)
  region size 1024K, 74 young (75776K), 10 survivors (10240K)
 Metaspace       used 77506K, committed 78400K, reserved 557056K
  class space    used 10783K, committed 11200K, reserved 425984K
}
Event: 43.322 GC heap after
{Heap after GC invocations=33 (full 0):
 garbage-first heap   total 208896K, used 105785K [0x0000000080000000, 0x0000000100000000)
  region size 1024K, 7 young (7168K), 7 survivors (7168K)
 Metaspace       used 77506K, committed 78400K, reserved 557056K
  class space    used 10783K, committed 11200K, reserved 425984K
}
Event: 44.880 GC heap before
{Heap before GC invocations=33 (full 0):
 garbage-first heap   total 208896K, used 164153K [0x0000000080000000, 0x0000000100000000)
  region size 1024K, 63 young (64512K), 7 survivors (7168K)
 Metaspace       used 80950K, committed 81792K, reserved 557056K
  class space    used 11229K, committed 11584K, reserved 425984K
}
Event: 44.889 GC heap after
{Heap after GC invocations=34 (full 0):
 garbage-first heap   total 208896K, used 106160K [0x0000000080000000, 0x0000000100000000)
  region size 1024K, 4 young (4096K), 4 survivors (4096K)
 Metaspace       used 80950K, committed 81792K, reserved 557056K
  class space    used 11229K, committed 11584K, reserved 425984K
}
Event: 46.797 GC heap before
{Heap before GC invocations=34 (full 0):
 garbage-first heap   total 208896K, used 167600K [0x0000000080000000, 0x0000000100000000)
  region size 1024K, 62 young (63488K), 4 survivors (4096K)
 Metaspace       used 84722K, committed 85632K, reserved 557056K
  class space    used 11780K, committed 12224K, reserved 425984K
}
Event: 46.808 GC heap after
{Heap after GC invocations=35 (full 0):
 garbage-first heap   total 208896K, used 109943K [0x0000000080000000, 0x0000000100000000)
  region size 1024K, 6 young (6144K), 6 survivors (6144K)
 Metaspace       used 84722K, committed 85632K, reserved 557056K
  class space    used 11780K, committed 12224K, reserved 425984K
}
Event: 48.133 GC heap before
{Heap before GC invocations=35 (full 0):
 garbage-first heap   total 208896K, used 169335K [0x0000000080000000, 0x0000000100000000)
  region size 1024K, 64 young (65536K), 6 survivors (6144K)
 Metaspace       used 86156K, committed 87040K, reserved 557056K
  class space    used 11967K, committed 12352K, reserved 425984K
}
Event: 48.144 GC heap after
{Heap after GC invocations=36 (full 0):
 garbage-first heap   total 208896K, used 113688K [0x0000000080000000, 0x0000000100000000)
  region size 1024K, 7 young (7168K), 7 survivors (7168K)
 Metaspace       used 86156K, committed 87040K, reserved 557056K
  class space    used 11967K, committed 12352K, reserved 425984K
}
Event: 49.324 GC heap before
{Heap before GC invocations=36 (full 0):
 garbage-first heap   total 208896K, used 172056K [0x0000000080000000, 0x0000000100000000)
  region size 1024K, 63 young (64512K), 7 survivors (7168K)
 Metaspace       used 89667K, committed 90560K, reserved 557056K
  class space    used 12588K, committed 12992K, reserved 425984K
}
Event: 49.338 GC heap after
{Heap after GC invocations=37 (full 0):
 garbage-first heap   total 208896K, used 115215K [0x0000000080000000, 0x0000000100000000)
  region size 1024K, 6 young (6144K), 6 survivors (6144K)
 Metaspace       used 89667K, committed 90560K, reserved 557056K
  class space    used 12588K, committed 12992K, reserved 425984K
}
Event: 50.856 GC heap before
{Heap before GC invocations=37 (full 0):
 garbage-first heap   total 208896K, used 172559K [0x0000000080000000, 0x0000000100000000)
  region size 1024K, 62 young (63488K), 6 survivors (6144K)
 Metaspace       used 93300K, committed 94272K, reserved 557056K
  class space    used 13097K, committed 13568K, reserved 425984K
}
Event: 50.867 GC heap after
{Heap after GC invocations=38 (full 0):
 garbage-first heap   total 208896K, used 117251K [0x0000000080000000, 0x0000000100000000)
  region size 1024K, 4 young (4096K), 4 survivors (4096K)
 Metaspace       used 93300K, committed 94272K, reserved 557056K
  class space    used 13097K, committed 13568K, reserved 425984K
}

