# JRE version: OpenJDK Runtime Environment Temurin-17.0.18+8 (17.0.18+8) (build 17.0.18+8)
# Java VM: OpenJDK 64-Bit Server VM Temurin-17.0.18+8 (17.0.18+8, mixed mode, sharing, tiered, compressed oops, compressed class ptrs, g1 gc, windows-amd64)
GC Precious Log:
 CPUs: 4 total, 4 available
 Memory: 8058M
 Large Page Support: Disabled
 NUMA Support: Disabled
 Compressed Oops: Enabled (32-bit)
 Heap Region Size: 1M
 Heap Min Capacity: 8M
 Heap Initial Capacity: 126M
 Heap Max Capacity: 2G
 Pre-touch: Disabled
 Parallel Workers: 4
 Concurrent Workers: 1
 Concurrent Refinement Workers: 4
 Periodic GC: Disabled
Heap:
 garbage-first heap   total 389120K, used 207659K [0x0000000080000000, 0x0000000100000000)
  region size 1024K, 6 young (6144K), 6 survivors (6144K)
 Metaspace       used 109183K, committed 110464K, reserved 557056K
  class space    used 15149K, committed 15744K, reserved 425984K
GC Heap History (20 events):
Event: 77.354 GC heap after
{Heap after GC invocations=43 (full 0):
 garbage-first heap   total 286720K, used 193193K [0x0000000080000000, 0x0000000100000000)
  region size 1024K, 8 young (8192K), 8 survivors (8192K)
 Metaspace       used 107710K, committed 108928K, reserved 557056K
  class space    used 14988K, committed 15552K, reserved 425984K
}
Event: 78.780 GC heap before
{Heap before GC invocations=43 (full 0):
 garbage-first heap   total 286720K, used 240297K [0x0000000080000000, 0x0000000100000000)
  region size 1024K, 54 young (55296K), 8 survivors (8192K)
 Metaspace       used 108634K, committed 109888K, reserved 557056K
  class space    used 15101K, committed 15680K, reserved 425984K
}
Event: 78.812 GC heap after
{Heap after GC invocations=44 (full 0):
 garbage-first heap   total 286720K, used 199680K [0x0000000080000000, 0x0000000100000000)
  region size 1024K, 6 young (6144K), 6 survivors (6144K)
 Metaspace       used 108634K, committed 109888K, reserved 557056K
  class space    used 15101K, committed 15680K, reserved 425984K
}
Event: 79.194 GC heap before
{Heap before GC invocations=44 (full 0):
 garbage-first heap   total 286720K, used 242688K [0x0000000080000000, 0x0000000100000000)
  region size 1024K, 48 young (49152K), 6 survivors (6144K)
 Metaspace       used 108638K, committed 109888K, reserved 557056K
  class space    used 15101K, committed 15680K, reserved 425984K
}
Event: 79.214 GC heap after
{Heap after GC invocations=45 (full 0):
 garbage-first heap   total 286720K, used 203306K [0x0000000080000000, 0x0000000100000000)
  region size 1024K, 4 young (4096K), 4 survivors (4096K)
 Metaspace       used 108638K, committed 109888K, reserved 557056K
  class space    used 15101K, committed 15680K, reserved 425984K
}
Event: 79.685 GC heap before
{Heap before GC invocations=45 (full 0):
 garbage-first heap   total 286720K, used 244266K [0x0000000080000000, 0x0000000100000000)
  region size 1024K, 44 young (45056K), 4 survivors (4096K)
 Metaspace       used 108638K, committed 109888K, reserved 557056K
  class space    used 15101K, committed 15680K, reserved 425984K
}
Event: 79.694 GC heap after
{Heap after GC invocations=46 (full 0):
 garbage-first heap   total 286720K, used 204257K [0x0000000080000000, 0x0000000100000000)
  region size 1024K, 4 young (4096K), 4 survivors (4096K)
 Metaspace       used 108638K, committed 109888K, reserved 557056K
  class space    used 15101K, committed 15680K, reserved 425984K
}
Event: 80.236 GC heap before
{Heap before GC invocations=46 (full 0):
 garbage-first heap   total 286720K, used 243169K [0x0000000080000000, 0x0000000100000000)
  region size 1024K, 43 young (44032K), 4 survivors (4096K)
 Metaspace       used 108640K, committed 109888K, reserved 557056K
  class space    used 15102K, committed 15680K, reserved 425984K
}
Event: 80.247 GC heap after
{Heap after GC invocations=47 (full 0):
 garbage-first heap   total 286720K, used 205762K [0x0000000080000000, 0x0000000100000000)
  region size 1024K, 4 young (4096K), 4 survivors (4096K)
 Metaspace       used 108640K, committed 109888K, reserved 557056K
  class space    used 15102K, committed 15680K, reserved 425984K
}
Event: 81.115 GC heap before
{Heap before GC invocations=47 (full 0):
 garbage-first heap   total 286720K, used 243650K [0x0000000080000000, 0x0000000100000000)
  region size 1024K, 42 young (43008K), 4 survivors (4096K)
 Metaspace       used 108709K, committed 109952K, reserved 557056K
  class space    used 15108K, committed 15680K, reserved 425984K
}
Event: 81.123 GC heap after
{Heap after GC invocations=48 (full 0):
 garbage-first heap   total 286720K, used 207086K [0x0000000080000000, 0x0000000100000000)
  region size 1024K, 4 young (4096K), 4 survivors (4096K)
 Metaspace       used 108709K, committed 109952K, reserved 557056K
  class space    used 15108K, committed 15680K, reserved 425984K
}
Event: 81.800 GC heap before
{Heap before GC invocations=48 (full 0):
 garbage-first heap   total 286720K, used 244974K [0x0000000080000000, 0x0000000100000000)
  region size 1024K, 42 young (43008K), 4 survivors (4096K)
 Metaspace       used 108779K, committed 110080K, reserved 557056K
  class space    used 15116K, committed 15680K, reserved 425984K
}
Event: 81.810 GC heap after
{Heap after GC invocations=49 (full 0):
 garbage-first heap   total 286720K, used 207940K [0x0000000080000000, 0x0000000100000000)
  region size 1024K, 4 young (4096K), 4 survivors (4096K)
 Metaspace       used 108779K, committed 110080K, reserved 557056K
  class space    used 15116K, committed 15680K, reserved 425984K
}
Event: 82.060 GC heap before
{Heap before GC invocations=49 (full 0):
 garbage-first heap   total 286720K, used 215108K [0x0000000080000000, 0x0000000100000000)
  region size 1024K, 13 young (13312K), 4 survivors (4096K)
 Metaspace       used 108846K, committed 110080K, reserved 557056K
  class space    used 15123K, committed 15680K, reserved 425984K
}
Event: 82.070 GC heap after
{Heap after GC invocations=50 (full 0):
 garbage-first heap   total 286720K, used 208797K [0x0000000080000000, 0x0000000100000000)
  region size 1024K, 4 young (4096K), 4 survivors (4096K)
 Metaspace       used 108846K, committed 110080K, reserved 557056K
  class space    used 15123K, committed 15680K, reserved 425984K
}
Event: 83.036 GC heap before
{Heap before GC invocations=51 (full 0):
 garbage-first heap   total 389120K, used 236445K [0x0000000080000000, 0x0000000100000000)
  region size 1024K, 32 young (32768K), 4 survivors (4096K)
 Metaspace       used 108855K, committed 110144K, reserved 557056K
  class space    used 15125K, committed 15680K, reserved 425984K
}
Event: 83.053 GC heap after
{Heap after GC invocations=52 (full 0):
 garbage-first heap   total 389120K, used 209367K [0x0000000080000000, 0x0000000100000000)
  region size 1024K, 4 young (4096K), 4 survivors (4096K)
 Metaspace       used 108855K, committed 110144K, reserved 557056K
  class space    used 15125K, committed 15680K, reserved 425984K
}
Event: 83.379 GC heap before
{Heap before GC invocations=52 (full 0):
 garbage-first heap   total 389120K, used 223703K [0x0000000080000000, 0x0000000100000000)
  region size 1024K, 19 young (19456K), 4 survivors (4096K)
 Metaspace       used 108873K, committed 110208K, reserved 557056K
  class space    used 15127K, committed 15744K, reserved 425984K
}
Event: 83.395 GC heap after
{Heap after GC invocations=53 (full 0):
 garbage-first heap   total 389120K, used 204088K [0x0000000080000000, 0x0000000100000000)
  region size 1024K, 3 young (3072K), 3 survivors (3072K)
 Metaspace       used 108873K, committed 110208K, reserved 557056K
  class space    used 15127K, committed 15744K, reserved 425984K
}
Event: 85.756 GC heap before
{Heap before GC invocations=53 (full 0):
 garbage-first heap   total 389120K, used 317752K [0x0000000080000000, 0x0000000100000000)
  region size 1024K, 115 young (117760K), 3 survivors (3072K)
 Metaspace       used 109183K, committed 110464K, reserved 557056K
  class space    used 15149K, committed 15744K, reserved 425984K
}

