# JRE version: OpenJDK Runtime Environment Temurin-17.0.18+8 (17.0.18+8) (build 17.0.18+8)
# Java VM: OpenJDK 64-Bit Server VM Temurin-17.0.18+8 (17.0.18+8, mixed mode, sharing, tiered, compressed oops, compressed class ptrs, g1 gc, windows-amd64)
GC Precious Log:
 CPUs: 4 total, 4 available
 Memory: 8058M
 Large Page Support: Disabled
 NUMA Support: Disabled
 Compressed Oops: Enabled (32-bit)
 Heap Region Size: 1M
 Heap Min Capacity: 8M
 Heap Initial Capacity: 126M
 Heap Max Capacity: 2G
 Pre-touch: Disabled
 Parallel Workers: 4
 Concurrent Workers: 1
 Concurrent Refinement Workers: 4
 Periodic GC: Disabled
Heap:
 garbage-first heap   total 421888K, used 215829K [0x0000000080000000, 0x0000000100000000)
  region size 1024K, 18 young (18432K), 15 survivors (15360K)
 Metaspace       used 113515K, committed 114880K, reserved 557056K
  class space    used 15627K, committed 16256K, reserved 425984K
GC Heap History (20 events):
Event: 65.918 GC heap before
{Heap before GC invocations=53 (full 0):
 garbage-first heap   total 244736K, used 209714K [0x0000000080000000, 0x0000000100000000)
  region size 1024K, 23 young (23552K), 3 survivors (3072K)
 Metaspace       used 102679K, committed 103872K, reserved 557056K
  class space    used 14365K, committed 14912K, reserved 425984K
}
Event: 65.925 GC heap after
{Heap after GC invocations=54 (full 0):
 garbage-first heap   total 304128K, used 190360K [0x0000000080000000, 0x0000000100000000)
  region size 1024K, 1 young (1024K), 1 survivors (1024K)
 Metaspace       used 102679K, committed 103872K, reserved 557056K
  class space    used 14365K, committed 14912K, reserved 425984K
}
Event: 67.992 GC heap before
{Heap before GC invocations=54 (full 0):
 garbage-first heap   total 304128K, used 240536K [0x0000000080000000, 0x0000000100000000)
  region size 1024K, 51 young (52224K), 1 survivors (1024K)
 Metaspace       used 105796K, committed 107008K, reserved 557056K
  class space    used 14751K, committed 15360K, reserved 425984K
}
Event: 68.004 GC heap after
{Heap after GC invocations=55 (full 0):
 garbage-first heap   total 304128K, used 193830K [0x0000000080000000, 0x0000000100000000)
  region size 1024K, 5 young (5120K), 5 survivors (5120K)
 Metaspace       used 105796K, committed 107008K, reserved 557056K
  class space    used 14751K, committed 15360K, reserved 425984K
}
Event: 69.833 GC heap before
{Heap before GC invocations=56 (full 0):
 garbage-first heap   total 357376K, used 246054K [0x0000000080000000, 0x0000000100000000)
  region size 1024K, 57 young (58368K), 5 survivors (5120K)
 Metaspace       used 107482K, committed 108736K, reserved 557056K
  class space    used 14996K, committed 15616K, reserved 425984K
}
Event: 69.864 GC heap after
{Heap after GC invocations=57 (full 0):
 garbage-first heap   total 357376K, used 198940K [0x0000000080000000, 0x0000000100000000)
  region size 1024K, 8 young (8192K), 8 survivors (8192K)
 Metaspace       used 107482K, committed 108736K, reserved 557056K
  class space    used 14996K, committed 15616K, reserved 425984K
}
Event: 70.252 GC heap before
{Heap before GC invocations=57 (full 0):
 garbage-first heap   total 357376K, used 208156K [0x0000000080000000, 0x0000000100000000)
  region size 1024K, 17 young (17408K), 8 survivors (8192K)
 Metaspace       used 107529K, committed 108736K, reserved 557056K
  class space    used 14997K, committed 15616K, reserved 425984K
}
Event: 70.275 GC heap after
{Heap after GC invocations=58 (full 0):
 garbage-first heap   total 357376K, used 195293K [0x0000000080000000, 0x0000000100000000)
  region size 1024K, 2 young (2048K), 2 survivors (2048K)
 Metaspace       used 107529K, committed 108736K, reserved 557056K
  class space    used 14997K, committed 15616K, reserved 425984K
}
Event: 76.197 GC heap before
{Heap before GC invocations=58 (full 0):
 garbage-first heap   total 357376K, used 289501K [0x0000000080000000, 0x0000000100000000)
  region size 1024K, 94 young (96256K), 2 survivors (2048K)
 Metaspace       used 108459K, committed 109760K, reserved 557056K
  class space    used 15110K, committed 15744K, reserved 425984K
}
Event: 76.219 GC heap after
{Heap after GC invocations=59 (full 0):
 garbage-first heap   total 357376K, used 202856K [0x0000000080000000, 0x0000000100000000)
  region size 1024K, 10 young (10240K), 10 survivors (10240K)
 Metaspace       used 108459K, committed 109760K, reserved 557056K
  class space    used 15110K, committed 15744K, reserved 425984K
}
Event: 77.331 GC heap before
{Heap before GC invocations=60 (full 0):
 garbage-first heap   total 421888K, used 284776K [0x0000000080000000, 0x0000000100000000)
  region size 1024K, 91 young (93184K), 10 survivors (10240K)
 Metaspace       used 108461K, committed 109760K, reserved 557056K
  class space    used 15110K, committed 15744K, reserved 425984K
}
Event: 77.375 GC heap after
{Heap after GC invocations=61 (full 0):
 garbage-first heap   total 421888K, used 205761K [0x0000000080000000, 0x0000000100000000)
  region size 1024K, 6 young (6144K), 6 survivors (6144K)
 Metaspace       used 108461K, committed 109760K, reserved 557056K
  class space    used 15110K, committed 15744K, reserved 425984K
}
Event: 77.532 GC heap before
{Heap before GC invocations=61 (full 0):
 garbage-first heap   total 421888K, used 219073K [0x0000000080000000, 0x0000000100000000)
  region size 1024K, 20 young (20480K), 6 survivors (6144K)
 Metaspace       used 108461K, committed 109760K, reserved 557056K
  class space    used 15111K, committed 15744K, reserved 425984K
}
Event: 77.550 GC heap after
{Heap after GC invocations=62 (full 0):
 garbage-first heap   total 421888K, used 201714K [0x0000000080000000, 0x0000000100000000)
  region size 1024K, 3 young (3072K), 3 survivors (3072K)
 Metaspace       used 108461K, committed 109760K, reserved 557056K
  class space    used 15111K, committed 15744K, reserved 425984K
}
Event: 84.091 GC heap before
{Heap before GC invocations=62 (full 0):
 garbage-first heap   total 421888K, used 340978K [0x0000000080000000, 0x0000000100000000)
  region size 1024K, 140 young (143360K), 3 survivors (3072K)
 Metaspace       used 108826K, committed 110080K, reserved 557056K
  class space    used 15144K, committed 15744K, reserved 425984K
}
Event: 84.103 GC heap after
{Heap after GC invocations=63 (full 0):
 garbage-first heap   total 421888K, used 205254K [0x0000000080000000, 0x0000000100000000)
  region size 1024K, 7 young (7168K), 7 survivors (7168K)
 Metaspace       used 108826K, committed 110080K, reserved 557056K
  class space    used 15144K, committed 15744K, reserved 425984K
}
Event: 88.074 GC heap before
{Heap before GC invocations=63 (full 0):
 garbage-first heap   total 421888K, used 346566K [0x0000000080000000, 0x0000000100000000)
  region size 1024K, 146 young (149504K), 7 survivors (7168K)
 Metaspace       used 109054K, committed 110400K, reserved 557056K
  class space    used 15158K, committed 15808K, reserved 425984K
}
Event: 88.093 GC heap after
{Heap after GC invocations=64 (full 0):
 garbage-first heap   total 421888K, used 208885K [0x0000000080000000, 0x0000000100000000)
  region size 1024K, 10 young (10240K), 10 survivors (10240K)
 Metaspace       used 109054K, committed 110400K, reserved 557056K
  class space    used 15158K, committed 15808K, reserved 425984K
}
Event: 130.266 GC heap before
{Heap before GC invocations=64 (full 0):
 garbage-first heap   total 421888K, used 355317K [0x0000000080000000, 0x0000000100000000)
  region size 1024K, 149 young (152576K), 10 survivors (10240K)
 Metaspace       used 113346K, committed 114624K, reserved 557056K
  class space    used 15606K, committed 16192K, reserved 425984K
}
Event: 130.294 GC heap after
{Heap after GC invocations=65 (full 0):
 garbage-first heap   total 421888K, used 213781K [0x0000000080000000, 0x0000000100000000)
  region size 1024K, 15 young (15360K), 15 survivors (15360K)
 Metaspace       used 113346K, committed 114624K, reserved 557056K
  class space    used 15606K, committed 16192K, reserved 425984K
}

