# JRE version: OpenJDK Runtime Environment Temurin-17.0.18+8 (17.0.18+8) (build 17.0.18+8)
# Java VM: OpenJDK 64-Bit Server VM Temurin-17.0.18+8 (17.0.18+8, mixed mode, sharing, tiered, compressed oops, compressed class ptrs, g1 gc, windows-amd64)
GC Precious Log:
 CPUs: 4 total, 4 available
 Memory: 8058M
 Large Page Support: Disabled
 NUMA Support: Disabled
 Compressed Oops: Enabled (32-bit)
 Heap Region Size: 1M
 Heap Min Capacity: 8M
 Heap Initial Capacity: 126M
 Heap Max Capacity: 2G
 Pre-touch: Disabled
 Parallel Workers: 4
 Concurrent Workers: 1
 Concurrent Refinement Workers: 4
 Periodic GC: Disabled
Heap:
 garbage-first heap   total 270336K, used 185602K [0x0000000080000000, 0x0000000100000000)
  region size 1024K, 7 young (7168K), 7 survivors (7168K)
 Metaspace       used 100371K, committed 101632K, reserved 557056K
  class space    used 14035K, committed 14592K, reserved 425984K
GC Heap History (20 events):
Event: 53.518 GC heap after
{Heap after GC invocations=42 (full 0):
 garbage-first heap   total 205824K, used 130180K [0x0000000080000000, 0x0000000100000000)
  region size 1024K, 8 young (8192K), 8 survivors (8192K)
 Metaspace       used 97310K, committed 98432K, reserved 557056K
  class space    used 13736K, committed 14272K, reserved 425984K
}
Event: 54.129 GC heap before
{Heap before GC invocations=42 (full 0):
 garbage-first heap   total 205824K, used 169092K [0x0000000080000000, 0x0000000100000000)
  region size 1024K, 47 young (48128K), 8 survivors (8192K)
 Metaspace       used 97405K, committed 98560K, reserved 557056K
  class space    used 13736K, committed 14272K, reserved 425984K
}
Event: 54.143 GC heap after
{Heap after GC invocations=43 (full 0):
 garbage-first heap   total 205824K, used 133884K [0x0000000080000000, 0x0000000100000000)
  region size 1024K, 4 young (4096K), 4 survivors (4096K)
 Metaspace       used 97405K, committed 98560K, reserved 557056K
  class space    used 13736K, committed 14272K, reserved 425984K
}
Event: 54.580 GC heap before
{Heap before GC invocations=43 (full 0):
 garbage-first heap   total 205824K, used 170748K [0x0000000080000000, 0x0000000100000000)
  region size 1024K, 41 young (41984K), 4 survivors (4096K)
 Metaspace       used 97406K, committed 98560K, reserved 557056K
  class space    used 13736K, committed 14272K, reserved 425984K
}
Event: 54.591 GC heap after
{Heap after GC invocations=44 (full 0):
 garbage-first heap   total 205824K, used 135124K [0x0000000080000000, 0x0000000100000000)
  region size 1024K, 4 young (4096K), 4 survivors (4096K)
 Metaspace       used 97406K, committed 98560K, reserved 557056K
  class space    used 13736K, committed 14272K, reserved 425984K
}
Event: 55.010 GC heap before
{Heap before GC invocations=44 (full 0):
 garbage-first heap   total 205824K, used 171988K [0x0000000080000000, 0x0000000100000000)
  region size 1024K, 40 young (40960K), 4 survivors (4096K)
 Metaspace       used 97406K, committed 98560K, reserved 557056K
  class space    used 13736K, committed 14272K, reserved 425984K
}
Event: 55.092 GC heap after
{Heap after GC invocations=45 (full 0):
 garbage-first heap   total 270336K, used 136320K [0x0000000080000000, 0x0000000100000000)
  region size 1024K, 3 young (3072K), 3 survivors (3072K)
 Metaspace       used 97406K, committed 98560K, reserved 557056K
  class space    used 13736K, committed 14272K, reserved 425984K
}
Event: 60.761 GC heap before
{Heap before GC invocations=45 (full 0):
 garbage-first heap   total 270336K, used 224384K [0x0000000080000000, 0x0000000100000000)
  region size 1024K, 85 young (87040K), 3 survivors (3072K)
 Metaspace       used 98212K, committed 99456K, reserved 557056K
  class space    used 13835K, committed 14400K, reserved 425984K
}
Event: 60.794 GC heap after
{Heap after GC invocations=46 (full 0):
 garbage-first heap   total 270336K, used 151576K [0x0000000080000000, 0x0000000100000000)
  region size 1024K, 11 young (11264K), 11 survivors (11264K)
 Metaspace       used 98212K, committed 99456K, reserved 557056K
  class space    used 13835K, committed 14400K, reserved 425984K
}
Event: 62.056 GC heap before
{Heap before GC invocations=46 (full 0):
 garbage-first heap   total 270336K, used 216088K [0x0000000080000000, 0x0000000100000000)
  region size 1024K, 75 young (76800K), 11 survivors (11264K)
 Metaspace       used 99561K, committed 100736K, reserved 557056K
  class space    used 13965K, committed 14464K, reserved 425984K
}
Event: 62.073 GC heap after
{Heap after GC invocations=47 (full 0):
 garbage-first heap   total 270336K, used 157984K [0x0000000080000000, 0x0000000100000000)
  region size 1024K, 7 young (7168K), 7 survivors (7168K)
 Metaspace       used 99561K, committed 100736K, reserved 557056K
  class space    used 13965K, committed 14464K, reserved 425984K
}
Event: 62.751 GC heap before
{Heap before GC invocations=47 (full 0):
 garbage-first heap   total 270336K, used 219424K [0x0000000080000000, 0x0000000100000000)
  region size 1024K, 68 young (69632K), 7 survivors (7168K)
 Metaspace       used 99562K, committed 100736K, reserved 557056K
  class space    used 13965K, committed 14464K, reserved 425984K
}
Event: 62.886 GC heap after
{Heap after GC invocations=48 (full 0):
 garbage-first heap   total 270336K, used 159560K [0x0000000080000000, 0x0000000100000000)
  region size 1024K, 4 young (4096K), 4 survivors (4096K)
 Metaspace       used 99562K, committed 100736K, reserved 557056K
  class space    used 13965K, committed 14464K, reserved 425984K
}
Event: 64.471 GC heap before
{Heap before GC invocations=48 (full 0):
 garbage-first heap   total 270336K, used 224072K [0x0000000080000000, 0x0000000100000000)
  region size 1024K, 65 young (66560K), 4 survivors (4096K)
 Metaspace       used 99942K, committed 101184K, reserved 557056K
  class space    used 13998K, committed 14528K, reserved 425984K
}
Event: 64.487 GC heap after
{Heap after GC invocations=49 (full 0):
 garbage-first heap   total 270336K, used 170964K [0x0000000080000000, 0x0000000100000000)
  region size 1024K, 9 young (9216K), 9 survivors (9216K)
 Metaspace       used 99942K, committed 101184K, reserved 557056K
  class space    used 13998K, committed 14528K, reserved 425984K
}
Event: 64.961 GC heap before
{Heap before GC invocations=49 (full 0):
 garbage-first heap   total 270336K, used 220116K [0x0000000080000000, 0x0000000100000000)
  region size 1024K, 58 young (59392K), 9 survivors (9216K)
 Metaspace       used 99942K, committed 101184K, reserved 557056K
  class space    used 13998K, committed 14528K, reserved 425984K
}
Event: 64.978 GC heap after
{Heap after GC invocations=50 (full 0):
 garbage-first heap   total 270336K, used 173805K [0x0000000080000000, 0x0000000100000000)
  region size 1024K, 4 young (4096K), 4 survivors (4096K)
 Metaspace       used 99942K, committed 101184K, reserved 557056K
  class space    used 13998K, committed 14528K, reserved 425984K
}
Event: 65.564 GC heap before
{Heap before GC invocations=50 (full 0):
 garbage-first heap   total 270336K, used 223981K [0x0000000080000000, 0x0000000100000000)
  region size 1024K, 53 young (54272K), 4 survivors (4096K)
 Metaspace       used 100189K, committed 101440K, reserved 557056K
  class space    used 14027K, committed 14528K, reserved 425984K
}
Event: 65.589 GC heap after
{Heap after GC invocations=51 (full 0):
 garbage-first heap   total 270336K, used 179900K [0x0000000080000000, 0x0000000100000000)
  region size 1024K, 7 young (7168K), 7 survivors (7168K)
 Metaspace       used 100189K, committed 101440K, reserved 557056K
  class space    used 14027K, committed 14528K, reserved 425984K
}
Event: 66.330 GC heap before
{Heap before GC invocations=51 (full 0):
 garbage-first heap   total 270336K, used 223932K [0x0000000080000000, 0x0000000100000000)
  region size 1024K, 51 young (52224K), 7 survivors (7168K)
 Metaspace       used 100371K, committed 101632K, reserved 557056K
  class space    used 14035K, committed 14592K, reserved 425984K
}

